******************************************************************************************
日Irg：2020-08-17 20:06:14,965 [1] 
日Ie：INFO  
程式樱 
******************************************************************************************
日Irg：2020-08-17 20:06:18,481 [1] 
日Ie：INFO  
_始笳荆等缦拢
{
    "machine_id": "GBDGLC083FL0101",
    "station_id": "Guide_Blade",
    "ip": "10.176.119.117"
} 
******************************************************************************************
日Irg：2020-08-17 20:06:18,606 [1] 
日Ie：INFO  
笳荆服掌鞣答等缦:
{
    "rc": "000",
    "rm": "OK",
    "ip": "10.176.119.117",
    "token": "66109761fd431effb8c0443b237ef4eb9688b88ce9d44b19c63f602c2ba0b0f63e7b340f0e34685287c08caa50276ecc796f1b4b6ce7b1434179755814b80cc1",
    "product": "DM2",
    "part": "CG",
    "station_id": "GBDGLC083FL0101",
    "floor_no": "GL-C08-3F",
    "line_name": "C08-3FA-01",
    "expiry_date": "2020-08-18 00:06:07",
    "host_id": "GBDGLC083FL0101",
    "wrkst_name": "Guide_Blade",
    "version": "1.0"
} 
******************************************************************************************
日Irg：2020-08-17 20:06:43,672 [1] 
日Ie：INFO  
程式P]。 
******************************************************************************************
日Irg：2020-08-17 19:25:15,227 [1] 
日Ie：INFO  
程式樱 
******************************************************************************************
日Irg：2020-08-17 19:00:50,838 [1] 
日Ie：INFO  
程式樱 
******************************************************************************************
日Irg：2020-08-17 19:01:20,950 [1] 
日Ie：INFO  
程式P]。 
******************************************************************************************
日Irg：2020-08-17 19:01:35,295 [1] 
日Ie：INFO  
程式樱 
******************************************************************************************
日Irg：2020-08-17 19:01:56,203 [1] 
日Ie：INFO  
_始笳荆等缦拢
data={"machine_id":"GBDGLC083FL0101","station_id":"Guide_Blade","ip":"10.176.119.117"}&version=1.0 
******************************************************************************************
日Irg：2020-08-17 19:01:56,624 [1] 
日Ie：INFO  
笳荆服掌鞣答等缦:
{
    "rc": "000",
    "rm": "OK",
    "ip": "10.176.119.117",
    "token": "9f291713e8c868a2463937edf0a61ae1439a02b6b3fbc029098df79e85e26ec2fec32e7890a2997ad31b7c32fe74cf32fa45866e6c60030ff3935fa47ee89a11",
    "product": "DM2",
    "part": "CG",
    "station_id": "GBDGLC083FL0101",
    "floor_no": "GL-C08-3F",
    "line_name": "C08-3FA-01",
    "expiry_date": "2020-08-20 14:33:07",
    "host_id": "GBDGLC083FL0101",
    "wrkst_name": "Guide_Blade",
    "version": "1.0"
} 
******************************************************************************************
日Irg：2020-08-17 19:02:01,531 [1] 
日Ie：INFO  
程式P]。 
******************************************************************************************
日Irg：2020-08-17 11:35:37,846 [1] 
日Ie：INFO  
程式樱 
******************************************************************************************
日Irg：2020-08-17 11:35:50,738 [1] 
日Ie：INFO  
程式P]。 
