******************************************************************************************
日Irg：2020-08-26 18:58:55,605 [1] 
日Ie：INFO  
程式樱 
******************************************************************************************
日Irg：2020-08-26 18:58:55,961 [1] 
日Ie：INFO  
_始笳荆等缦拢
data={"machine_id":"GBDGLC083FL0101","station_id":"Guide_Blade","ip":"10.176.119.117"}&version=1.0 
******************************************************************************************
日Irg：2020-08-26 18:59:15,038 [1] 
日Ie：INFO  
程式P]。 
******************************************************************************************
日Irg：2020-08-26 19:15:18,951 [1] 
日Ie：INFO  
程式樱 
******************************************************************************************
日Irg：2020-08-26 19:15:19,205 [1] 
日Ie：INFO  
_始笳荆等缦拢
data={"machine_id":"GBDGLC083FL0101","station_id":"Guide_Blade","ip":"10.176.119.117"}&version=1.0 
******************************************************************************************
日Irg：2020-08-26 19:15:32,151 [1] 
日Ie：INFO  
程式P]。 
******************************************************************************************
日Irg：2020-08-26 19:17:04,482 [1] 
日Ie：INFO  
程式樱 
******************************************************************************************
日Irg：2020-08-26 19:17:05,079 [1] 
日Ie：INFO  
_始笳荆等缦拢
data={"machine_id":"GBDGLC083FL0101","station_id":"Guide_Blade","ip":"10.176.119.117"}&version=1.0 
******************************************************************************************
日Irg：2020-08-26 19:17:15,059 [1] 
日Ie：INFO  
程式P]。 
