******************************************************************************************
日Irg：2020-09-07 20:47:33,781 [1] 
日Ie：INFO  
程式樱 
******************************************************************************************
日Irg：2020-09-07 20:47:34,431 [1] 
日Ie：INFO  
_始笳荆等缦拢
data={"machine_id":"GBDGLC083FL0101","station_id":"Guide_Blade","ip":"10.176.119.117"}&version=1.0 
******************************************************************************************
日Irg：2020-09-07 20:49:05,748 [1] 
日Ie：INFO  
程式樱 
******************************************************************************************
日Irg：2020-09-07 20:49:06,184 [1] 
日Ie：INFO  
_始笳荆等缦拢
data={"machine_id":"GBDGLC083FL0101","station_id":"Guide_Blade","ip":"10.176.119.117"}&version=1.0 
******************************************************************************************
日Irg：2020-09-07 20:59:58,358 [1] 
日Ie：INFO  
程式樱 
******************************************************************************************
日Irg：2020-09-07 20:59:58,988 [1] 
日Ie：INFO  
_始笳荆等缦拢
data={"machine_id":"GBDGLC083FL0101","station_id":"Guide_Blade","ip":"10.176.119.117"}&version=1.0 
******************************************************************************************
日Irg：2020-09-07 21:00:51,738 [1] 
日Ie：INFO  
程式P]。 
******************************************************************************************
日Irg：2020-09-07 21:03:49,903 [1] 
日Ie：INFO  
程式樱 
******************************************************************************************
日Irg：2020-09-07 21:03:50,354 [1] 
日Ie：INFO  
_始笳荆等缦拢
data={"machine_id":"GBDGLC083FL0101","station_id":"Guide_Blade","ip":"10.176.119.117"}&version=1.0 
